<?xml version="1.0" encoding="UTF-8"?>
<!-- Generated by org.testng.reporters.JUnitReportReporter -->
<testsuite skipped="0" hostname="LAPTOP-E581B0A3" name="Api.Test01_GET" tests="2" failures="0" timestamp="2021-10-28T13:07:03 EDT" time="1.960" errors="0">
  <testcase name="test2" time="0.556" classname="Api.Test01_GET"/>
  <system-out/>
  <testcase name="test1" time="1.404" classname="Api.Test01_GET"/>
  <system-out/>
</testsuite> <!-- Api.Test01_GET -->
